{
  "RSpec": {
    "coverage": {
      "/Users/diegofontecillagarcia/Projects/course/weekend_challenges_again/airport_challenge_2/spec/airport_spec.rb": [
        1,
        null,
        1,
        2,
        9,
        4,
        3,
        2,
        9,
        null,
        1,
        1,
        null,
        1,
        1,
        1,
        1,
        1,
        1,
        null,
        null,
        1,
        1,
        1,
        1,
        1,
        1,
        1,
        null,
        null,
        1,
        1,
        1,
        1,
        1,
        null,
        null,
        1,
        1,
        null,
        null,
        null,
        1,
        1,
        1,
        1,
        1,
        1,
        1,
        null,
        null,
        null,
        null,
        1,
        1,
        null,
        1,
        1,
        1,
        1,
        1,
        null,
        null,
        null,
        1,
        null,
        1,
        1,
        1,
        1,
        1,
        1,
        null,
        null,
        1,
        1,
        1,
        1,
        1,
        1,
        1,
        1,
        null,
        null,
        null,
        1,
        null,
        1,
        1,
        1,
        1,
        null,
        null,
        null,
        null
      ],
      "/Users/diegofontecillagarcia/Projects/course/weekend_challenges_again/airport_challenge_2/lib/airport.rb": [
        1,
        null,
        1,
        1,
        null,
        1,
        9,
        9,
        9,
        null,
        null,
        1,
        14,
        13,
        12,
        null,
        1,
        null,
        null,
        null,
        1,
        5,
        4,
        3,
        3,
        null,
        null,
        1,
        null,
        1,
        18,
        null,
        null,
        1,
        13,
        null,
        null,
        1,
        3,
        null,
        null,
        1,
        1,
        null,
        null
      ],
      "/Users/diegofontecillagarcia/Projects/course/weekend_challenges_again/airport_challenge_2/lib/storm_generator.rb": [
        1,
        null,
        1,
        2,
        null,
        null
      ],
      "/Users/diegofontecillagarcia/Projects/course/weekend_challenges_again/airport_challenge_2/spec/plane_spec.rb": [
        null,
        null,
        null,
        null,
        null,
        null,
        null,
        null,
        null,
        null,
        null,
        null,
        null
      ],
      "/Users/diegofontecillagarcia/Projects/course/weekend_challenges_again/airport_challenge_2/spec/storm_generator_spec.rb": [
        1,
        null,
        1,
        3,
        null,
        1,
        1,
        1,
        null,
        null,
        1,
        1,
        1,
        null,
        null
      ]
    },
    "timestamp": 1533723979
  }
}
